nohup: ignoring input
[2023-10-24 21:00:29 +0000] [2688373] [INFO] Starting gunicorn 20.0.4
[2023-10-24 21:00:29 +0000] [2688373] [INFO] Listening at: http://0.0.0.0:8000 (2688373)
[2023-10-24 21:00:29 +0000] [2688373] [INFO] Using worker: sync
[2023-10-24 21:00:29 +0000] [2688375] [INFO] Booting worker with pid: 2688375
{'singleproduct': False, 'products': [{'product_name': 'Samsung Galaxy A23 LTE', 'product_image': False, 'product_code': 'A23SMARTBUNDLE06', 'monthly_fee': '1150', 'period': '6'}, {'product_name': 'Samsung Galaxy A33 5G', 'product_image': False, 'product_code': 'A33SMARTBUNDLE06', 'monthly_fee': '1800', 'period': '6'}], 'product_name': 'Samsung Galaxy A23 LTE', 'product_image': False, 'data': {'first_name': 'jared', 'last_name': 'local', 'mobile': '0848007702', 'email': 'jared@robotweb.co.za', 'merchant_code': 'RENTMERCH', 'merchant_name': 'RENTMERCH', 'amount': '11878.00', 'period': '6', 'transaction_id': 'dlay-pay order #41', 'return_url': 'http://localhost:8000/?page_id=9&order-received=41&key=wc_order_cM1ct0tGlXXkA', 'cancel_url': 'http://localhost:8000/?page_id=8&cancel_order=true&order=wc_order_cM1ct0tGlXXkA&order_id=41&redirect&_wpnonce=ca24481818', 'notify_url': 'http://localhost:8000/?wc-api=Dlay_Handler&key=wc_order_cM1ct0tGlXXkA', 'sandbox': 'yes', 'rental': 'yes', 'disableperiod': 'yes', 'merchantlogo': 'yes', 'api': 'https://app-uat.dlay.co.za', 'products': '[{"product_name":"Samsung Galaxy A23 LTE","product_image":false,"product_code":"A23SMARTBUNDLE06","monthly_fee":"1150","period":"6"},{"product_name":"Samsung Galaxy A33 5G","product_image":false,"product_code":"A33SMARTBUNDLE06","monthly_fee":"1800","period":"6"}]', 'product_codes': '[{"product_code":"A23SMARTBUNDLE06"},{"product_code":"A33SMARTBUNDLE06"}]', 'monthly_fee': '2950', 'id_no': '2222222222222', 'policy-checkbox': 'on'}, 'amount_limit': '17500.00', 'monthly_fee': '2950', 'disableperiod': True}
{'singleproduct': False, 'products': [{'product_name': 'Samsung Galaxy A23 LTE', 'product_image': False, 'product_code': 'A23SMARTBUNDLE06', 'monthly_fee': '1150', 'period': '6'}, {'product_name': 'Samsung Galaxy A33 5G', 'product_image': False, 'product_code': 'A33SMARTBUNDLE06', 'monthly_fee': '1800', 'period': '6'}], 'product_name': 'Samsung Galaxy A23 LTE', 'product_image': False, 'data': {'first_name': 'jared', 'last_name': 'local', 'mobile': '0848007702', 'email': 'jared@robotweb.co.za', 'merchant_code': 'RENTMERCH', 'merchant_name': 'RENTMERCH', 'amount': '11878.00', 'period': '6', 'transaction_id': 'dlay-pay order #41', 'return_url': 'http://localhost:8000/?page_id=9&order-received=41&key=wc_order_cM1ct0tGlXXkA', 'cancel_url': 'http://localhost:8000/?page_id=8&cancel_order=true&order=wc_order_cM1ct0tGlXXkA&order_id=41&redirect&_wpnonce=ca24481818', 'notify_url': 'http://localhost:8000/?wc-api=Dlay_Handler&key=wc_order_cM1ct0tGlXXkA', 'sandbox': 'yes', 'rental': 'yes', 'disableperiod': 'yes', 'merchantlogo': 'yes', 'api': 'https://app-uat.dlay.co.za', 'products': '[{"product_name":"Samsung Galaxy A23 LTE","product_image":false,"product_code":"A23SMARTBUNDLE06","monthly_fee":"1150","period":"6"},{"product_name":"Samsung Galaxy A33 5G","product_image":false,"product_code":"A33SMARTBUNDLE06","monthly_fee":"1800","period":"6"}]', 'product_codes': '[{"product_code":"A23SMARTBUNDLE06"},{"product_code":"A33SMARTBUNDLE06"}]', 'monthly_fee': '2950', 'id_no': '2222222222222', 'policy-checkbox': 'on'}, 'amount_limit': '17500.00', 'monthly_fee': '2950', 'disableperiod': True}
{'singleproduct': False, 'products': [{'product_name': 'Samsung Galaxy A23 LTE', 'product_image': False, 'product_code': 'A23SMARTBUNDLE06', 'monthly_fee': '1150', 'period': '6'}, {'product_name': 'Samsung Galaxy A33 5G', 'product_image': False, 'product_code': 'A33SMARTBUNDLE06', 'monthly_fee': '1800', 'period': '6'}], 'product_name': 'Samsung Galaxy A23 LTE', 'product_image': False, 'data': {'first_name': 'jared', 'last_name': 'local', 'mobile': '0848007702', 'email': 'jared@robotweb.co.za', 'merchant_code': 'RENTMERCH', 'merchant_name': 'RENTMERCH', 'amount': '11878.00', 'period': '6', 'transaction_id': 'dlay-pay order #41', 'return_url': 'http://localhost:8000/?page_id=9&order-received=41&key=wc_order_cM1ct0tGlXXkA', 'cancel_url': 'http://localhost:8000/?page_id=8&cancel_order=true&order=wc_order_cM1ct0tGlXXkA&order_id=41&redirect&_wpnonce=ca24481818', 'notify_url': 'http://localhost:8000/?wc-api=Dlay_Handler&key=wc_order_cM1ct0tGlXXkA', 'sandbox': 'yes', 'rental': 'yes', 'disableperiod': 'yes', 'merchantlogo': 'yes', 'api': 'https://app-uat.dlay.co.za', 'products': '[{"product_name":"Samsung Galaxy A23 LTE","product_image":false,"product_code":"A23SMARTBUNDLE06","monthly_fee":"1150","period":"6"},{"product_name":"Samsung Galaxy A33 5G","product_image":false,"product_code":"A33SMARTBUNDLE06","monthly_fee":"1800","period":"6"}]', 'product_codes': '[{"product_code":"A23SMARTBUNDLE06"},{"product_code":"A33SMARTBUNDLE06"}]', 'monthly_fee': '2950', 'id_no': '2222222222222', 'policy-checkbox': 'on'}, 'amount_limit': '17500.00', 'monthly_fee': '2950', 'disableperiod': True}
{'singleproduct': False, 'products': [{'product_name': 'Samsung Galaxy A23 LTE', 'product_image': False, 'product_code': 'A23SMARTBUNDLE06', 'monthly_fee': '1150', 'period': '6'}, {'product_name': 'Samsung Galaxy A33 5G', 'product_image': False, 'product_code': 'A33SMARTBUNDLE06', 'monthly_fee': '1800', 'period': '6'}], 'product_name': 'Samsung Galaxy A23 LTE', 'product_image': False, 'data': {'first_name': 'jared', 'last_name': 'local', 'mobile': '0848007702', 'email': 'jared@robotweb.co.za', 'merchant_code': 'RENTMERCH', 'merchant_name': 'RENTMERCH', 'amount': '11878.00', 'period': '6', 'transaction_id': 'dlay-pay order #41', 'return_url': 'http://localhost:8000/?page_id=9&order-received=41&key=wc_order_cM1ct0tGlXXkA', 'cancel_url': 'http://localhost:8000/?page_id=8&cancel_order=true&order=wc_order_cM1ct0tGlXXkA&order_id=41&redirect&_wpnonce=ca24481818', 'notify_url': 'http://localhost:8000/?wc-api=Dlay_Handler&key=wc_order_cM1ct0tGlXXkA', 'sandbox': 'yes', 'rental': 'yes', 'disableperiod': 'yes', 'merchantlogo': 'yes', 'api': 'https://app-uat.dlay.co.za', 'products': '[{"product_name":"Samsung Galaxy A23 LTE","product_image":false,"product_code":"A23SMARTBUNDLE06","monthly_fee":"1150","period":"6"},{"product_name":"Samsung Galaxy A33 5G","product_image":false,"product_code":"A33SMARTBUNDLE06","monthly_fee":"1800","period":"6"}]', 'product_codes': '[{"product_code":"A23SMARTBUNDLE06"},{"product_code":"A33SMARTBUNDLE06"}]', 'monthly_fee': '2950', 'id_no': '2222222222222', 'policy-checkbox': 'on'}, 'amount_limit': '17500.00', 'monthly_fee': '2950', 'disableperiod': True}
{'singleproduct': False, 'products': [{'product_name': 'Samsung Galaxy A23 LTE', 'product_image': False, 'product_code': 'A23SMARTBUNDLE06', 'monthly_fee': '1150', 'period': '6'}, {'product_name': 'Samsung Galaxy A33 5G', 'product_image': False, 'product_code': 'A33SMARTBUNDLE06', 'monthly_fee': '1800', 'period': '6'}], 'product_name': 'Samsung Galaxy A23 LTE', 'product_image': False, 'data': {'first_name': 'jared', 'last_name': 'local', 'mobile': '0848007702', 'email': 'jared@robotweb.co.za', 'merchant_code': 'RENTMERCH', 'merchant_name': 'RENTMERCH', 'amount': '11878.00', 'period': '6', 'transaction_id': 'dlay-pay order #41', 'return_url': 'http://localhost:8000/?page_id=9&order-received=41&key=wc_order_cM1ct0tGlXXkA', 'cancel_url': 'http://localhost:8000/?page_id=8&cancel_order=true&order=wc_order_cM1ct0tGlXXkA&order_id=41&redirect&_wpnonce=ca24481818', 'notify_url': 'http://localhost:8000/?wc-api=Dlay_Handler&key=wc_order_cM1ct0tGlXXkA', 'sandbox': 'yes', 'rental': 'yes', 'disableperiod': 'yes', 'merchantlogo': 'yes', 'api': 'https://app-uat.dlay.co.za', 'products': '[{"product_name":"Samsung Galaxy A23 LTE","product_image":false,"product_code":"A23SMARTBUNDLE06","monthly_fee":"1150","period":"6"},{"product_name":"Samsung Galaxy A33 5G","product_image":false,"product_code":"A33SMARTBUNDLE06","monthly_fee":"1800","period":"6"}]', 'product_codes': '[{"product_code":"A23SMARTBUNDLE06"},{"product_code":"A33SMARTBUNDLE06"}]', 'monthly_fee': '2950', 'id_no': '2222222222222', 'policy-checkbox': 'on'}, 'amount_limit': '17500.00', 'monthly_fee': '2950', 'disableperiod': True}
load index
is post
1003.9a137c567645f853c9e3361d7d1b3dbe.dd31baa7136721cc1bffcdc71361ec75
RENTMERCH
https://www.zohoapis.com/crm/v2/functions/getMerchant/actions/execute?auth_type=apikey&zapikey=1003.9a137c567645f853c9e3361d7d1b3dbe.dd31baa7136721cc1bffcdc71361ec75
{'merchant_code': 'RENTMERCH'}
{'code': 'success', 'details': {'output': '{"merchantName":"Test Rental Merchant","merchantType":null,"merchantLogo":"https://dlay.co.za/wp-content/uploads/2021/11/Smartphone_zone_logo.png"}', 'output_type': 'string', 'id': '610836000002222001'}, 'message': 'function executed successfully'}
{"merchantName":"Test Rental Merchant","merchantType":null,"merchantLogo":"https://dlay.co.za/wp-content/uploads/2021/11/Smartphone_zone_logo.png"}
{'merchantName': 'Test Rental Merchant', 'merchantType': None, 'merchantLogo': 'https://dlay.co.za/wp-content/uploads/2021/11/Smartphone_zone_logo.png'}
{'form': <id_form bound=True, valid=False, fields=(id_no)>, 'data': <QueryDict: {'first_name': ['jared'], 'last_name': ['local'], 'mobile': ['0848007702'], 'email': ['jared@robotweb.co.za'], 'merchant_code': ['RENTMERCH'], 'merchant_name': ['RENTMERCH'], 'amount': ['11878.00'], 'period': ['6'], 'transaction_id': ['dlay-pay order #42'], 'return_url': ['http://localhost:8000/?page_id=9&order-received=42&key=wc_order_LtfP1Fv4b7Dby'], 'cancel_url': ['http://localhost:8000/?page_id=8&cancel_order=true&order=wc_order_LtfP1Fv4b7Dby&order_id=42&redirect&_wpnonce=ca24481818'], 'notify_url': ['http://localhost:8000/?wc-api=Dlay_Handler&key=wc_order_LtfP1Fv4b7Dby'], 'sandbox': ['yes'], 'rental': ['yes'], 'disableperiod': ['yes'], 'merchantlogo': ['yes'], 'api': ['https://app-uat.dlay.co.za'], 'products': ['[{"product_name":"Samsung Galaxy A23 LTE","product_image":false,"product_code":"A23SMARTBUNDLE06","monthly_fee":"1150","period":"6"},{"product_name":"Samsung Galaxy A33 5G","product_image":false,"product_code":"A33SMARTBUNDLE06","monthly_fee":"1800","period":"6"}]'], 'product_codes': ['[{"product_code":"A23SMARTBUNDLE06"},{"product_code":"A33SMARTBUNDLE06"}]'], 'monthly_fee': ['2950']}>, 'merchant_logo': 'https://dlay.co.za/wp-content/uploads/2021/11/Smartphone_zone_logo.png'}
load index
is post
1003.9a137c567645f853c9e3361d7d1b3dbe.dd31baa7136721cc1bffcdc71361ec75
RENTMERCH
https://www.zohoapis.com/crm/v2/functions/getMerchant/actions/execute?auth_type=apikey&zapikey=1003.9a137c567645f853c9e3361d7d1b3dbe.dd31baa7136721cc1bffcdc71361ec75
{'merchant_code': 'RENTMERCH'}
{'code': 'success', 'details': {'output': '{"merchantName":"Test Rental Merchant","merchantType":null,"merchantLogo":"https://dlay.co.za/wp-content/uploads/2021/11/Smartphone_zone_logo.png"}', 'output_type': 'string', 'id': '610836000002222001'}, 'message': 'function executed successfully'}
{"merchantName":"Test Rental Merchant","merchantType":null,"merchantLogo":"https://dlay.co.za/wp-content/uploads/2021/11/Smartphone_zone_logo.png"}
{'merchantName': 'Test Rental Merchant', 'merchantType': None, 'merchantLogo': 'https://dlay.co.za/wp-content/uploads/2021/11/Smartphone_zone_logo.png'}
{'form': <id_form bound=True, valid=False, fields=(id_no)>, 'data': <QueryDict: {'first_name': ['jared'], 'last_name': ['local'], 'mobile': ['0848007702'], 'email': ['jared@robotweb.co.za'], 'merchant_code': ['RENTMERCH'], 'merchant_name': ['RENTMERCH'], 'amount': ['11878.00'], 'period': ['6'], 'transaction_id': ['dlay-pay order #42'], 'return_url': ['http://localhost:8000/?page_id=9&order-received=42&key=wc_order_LtfP1Fv4b7Dby'], 'cancel_url': ['http://localhost:8000/?page_id=8&cancel_order=true&order=wc_order_LtfP1Fv4b7Dby&order_id=42&redirect&_wpnonce=ca24481818'], 'notify_url': ['http://localhost:8000/?wc-api=Dlay_Handler&key=wc_order_LtfP1Fv4b7Dby'], 'sandbox': ['yes'], 'rental': ['yes'], 'disableperiod': ['yes'], 'merchantlogo': ['yes'], 'api': ['https://app-uat.dlay.co.za'], 'products': ['[{"product_name":"Samsung Galaxy A23 LTE","product_image":false,"product_code":"A23SMARTBUNDLE06","monthly_fee":"1150","period":"6"},{"product_name":"Samsung Galaxy A33 5G","product_image":false,"product_code":"A33SMARTBUNDLE06","monthly_fee":"1800","period":"6"}]'], 'product_codes': ['[{"product_code":"A23SMARTBUNDLE06"},{"product_code":"A33SMARTBUNDLE06"}]'], 'monthly_fee': ['2950']}>, 'merchant_logo': 'https://dlay.co.za/wp-content/uploads/2021/11/Smartphone_zone_logo.png'}
load index
is post
1003.9a137c567645f853c9e3361d7d1b3dbe.dd31baa7136721cc1bffcdc71361ec75
RENTMERCH
https://www.zohoapis.com/crm/v2/functions/getMerchant/actions/execute?auth_type=apikey&zapikey=1003.9a137c567645f853c9e3361d7d1b3dbe.dd31baa7136721cc1bffcdc71361ec75
{'merchant_code': 'RENTMERCH'}
{'code': 'success', 'details': {'output': '{"merchantName":"Test Rental Merchant","merchantType":null,"merchantLogo":"https://dlay.co.za/wp-content/uploads/2021/11/Smartphone_zone_logo.png"}', 'output_type': 'string', 'id': '610836000002222001'}, 'message': 'function executed successfully'}
{"merchantName":"Test Rental Merchant","merchantType":null,"merchantLogo":"https://dlay.co.za/wp-content/uploads/2021/11/Smartphone_zone_logo.png"}
{'merchantName': 'Test Rental Merchant', 'merchantType': None, 'merchantLogo': 'https://dlay.co.za/wp-content/uploads/2021/11/Smartphone_zone_logo.png'}
{'form': <id_form bound=True, valid=False, fields=(id_no)>, 'data': <QueryDict: {'first_name': ['jared'], 'last_name': ['local'], 'mobile': ['0848007702'], 'email': ['jared@robotweb.co.za'], 'merchant_code': ['RENTMERCH'], 'merchant_name': ['RENTMERCH'], 'amount': ['11878.00'], 'period': ['6'], 'transaction_id': ['dlay-pay order #42'], 'return_url': ['http://localhost:8000/?page_id=9&order-received=42&key=wc_order_LtfP1Fv4b7Dby'], 'cancel_url': ['http://localhost:8000/?page_id=8&cancel_order=true&order=wc_order_LtfP1Fv4b7Dby&order_id=42&redirect&_wpnonce=ca24481818'], 'notify_url': ['http://localhost:8000/?wc-api=Dlay_Handler&key=wc_order_LtfP1Fv4b7Dby'], 'sandbox': ['yes'], 'rental': ['yes'], 'disableperiod': ['yes'], 'merchantlogo': ['yes'], 'api': ['https://app-uat.dlay.co.za'], 'products': ['[{"product_name":"Samsung Galaxy A23 LTE","product_image":false,"product_code":"A23SMARTBUNDLE06","monthly_fee":"1150","period":"6"},{"product_name":"Samsung Galaxy A33 5G","product_image":false,"product_code":"A33SMARTBUNDLE06","monthly_fee":"1800","period":"6"}]'], 'product_codes': ['[{"product_code":"A23SMARTBUNDLE06"},{"product_code":"A33SMARTBUNDLE06"}]'], 'monthly_fee': ['2950']}>, 'merchant_logo': 'https://dlay.co.za/wp-content/uploads/2021/11/Smartphone_zone_logo.png'}
load index
is post
1003.9a137c567645f853c9e3361d7d1b3dbe.dd31baa7136721cc1bffcdc71361ec75
RENTMERCH
https://www.zohoapis.com/crm/v2/functions/getMerchant/actions/execute?auth_type=apikey&zapikey=1003.9a137c567645f853c9e3361d7d1b3dbe.dd31baa7136721cc1bffcdc71361ec75
{'merchant_code': 'RENTMERCH'}
{'code': 'success', 'details': {'output': '{"merchantName":"Test Rental Merchant","merchantType":null,"merchantLogo":"https://dlay.co.za/wp-content/uploads/2021/11/Smartphone_zone_logo.png"}', 'output_type': 'string', 'id': '610836000002222001'}, 'message': 'function executed successfully'}
{"merchantName":"Test Rental Merchant","merchantType":null,"merchantLogo":"https://dlay.co.za/wp-content/uploads/2021/11/Smartphone_zone_logo.png"}
{'merchantName': 'Test Rental Merchant', 'merchantType': None, 'merchantLogo': 'https://dlay.co.za/wp-content/uploads/2021/11/Smartphone_zone_logo.png'}
{'form': <id_form bound=True, valid=False, fields=(id_no)>, 'data': <QueryDict: {'first_name': ['jared'], 'last_name': ['local'], 'mobile': ['0848007702'], 'email': ['jared@robotweb.co.za'], 'merchant_code': ['RENTMERCH'], 'merchant_name': ['RENTMERCH'], 'amount': ['11878.00'], 'period': ['6'], 'transaction_id': ['dlay-pay order #42'], 'return_url': ['http://localhost:8000/?page_id=9&order-received=42&key=wc_order_LtfP1Fv4b7Dby'], 'cancel_url': ['http://localhost:8000/?page_id=8&cancel_order=true&order=wc_order_LtfP1Fv4b7Dby&order_id=42&redirect&_wpnonce=ca24481818'], 'notify_url': ['http://localhost:8000/?wc-api=Dlay_Handler&key=wc_order_LtfP1Fv4b7Dby'], 'sandbox': ['yes'], 'rental': ['yes'], 'disableperiod': ['yes'], 'merchantlogo': ['yes'], 'api': ['https://app-uat.dlay.co.za'], 'products': ['[{"product_name":"Samsung Galaxy A23 LTE","product_image":false,"product_code":"A23SMARTBUNDLE06","monthly_fee":"1150","period":"6"},{"product_name":"Samsung Galaxy A33 5G","product_image":false,"product_code":"A33SMARTBUNDLE06","monthly_fee":"1800","period":"6"}]'], 'product_codes': ['[{"product_code":"A23SMARTBUNDLE06"},{"product_code":"A33SMARTBUNDLE06"}]'], 'monthly_fee': ['2950']}>, 'merchant_logo': 'https://dlay.co.za/wp-content/uploads/2021/11/Smartphone_zone_logo.png'}
load index
is post
Test ID validated
<QueryDict: {'first_name': ['jared'], 'last_name': ['local'], 'mobile': ['0848007702'], 'email': ['jared@robotweb.co.za'], 'merchant_code': ['RENTMERCH'], 'merchant_name': ['RENTMERCH'], 'amount': ['11878.00'], 'period': ['6'], 'transaction_id': ['dlay-pay order #42'], 'return_url': ['http://localhost:8000/?page_id=9&order-received=42&key=wc_order_LtfP1Fv4b7Dby'], 'cancel_url': ['http://localhost:8000/?page_id=8&cancel_order=true&order=wc_order_LtfP1Fv4b7Dby&order_id=42&redirect&_wpnonce=ca24481818'], 'notify_url': ['http://localhost:8000/?wc-api=Dlay_Handler&key=wc_order_LtfP1Fv4b7Dby'], 'sandbox': ['yes'], 'rental': ['yes'], 'disableperiod': ['yes'], 'merchantlogo': ['yes'], 'api': ['https://app-uat.dlay.co.za'], 'products': ['[{"product_name":"Samsung Galaxy A23 LTE","product_image":false,"product_code":"A23SMARTBUNDLE06","monthly_fee":"1150","period":"6"},{"product_name":"Samsung Galaxy A33 5G","product_image":false,"product_code":"A33SMARTBUNDLE06","monthly_fee":"1800","period":"6"}]'], 'product_codes': ['[{"product_code":"A23SMARTBUNDLE06"},{"product_code":"A33SMARTBUNDLE06"}]'], 'monthly_fee': ['2950'], 'id_no': ['1111111111111'], 'policy-checkbox': ['on']}>
trying auth...
auth successful!
qualify-validate
{'first_name': 'jared', 'last_name': 'local', 'mobile': '0848007702', 'merchant_code': 'RENTMERCH', 'merchant_name': 'RENTMERCH', 'transaction_id': 'dlay-pay order #42', 'id_no': '1111111111111'}
{'request_status': 'OK', 'vetting_status': 'APPROVED', 'predicted_payday': '28', 'amount_limit': '10000', 'request_description': 'Qualify Validate request successfull', 'ammacom_id': '9fd73086-d8e5-41f3-87fb-ed8a0563a661'}
load index
is post
Test ID validated
<QueryDict: {'first_name': ['jared'], 'last_name': ['local'], 'mobile': ['0848007702'], 'email': ['jared@robotweb.co.za'], 'merchant_code': ['RENTMERCH'], 'merchant_name': ['RENTMERCH'], 'amount': ['11878.00'], 'period': ['6'], 'transaction_id': ['dlay-pay order #42'], 'return_url': ['http://localhost:8000/?page_id=9&order-received=42&key=wc_order_LtfP1Fv4b7Dby'], 'cancel_url': ['http://localhost:8000/?page_id=8&cancel_order=true&order=wc_order_LtfP1Fv4b7Dby&order_id=42&redirect&_wpnonce=ca24481818'], 'notify_url': ['http://localhost:8000/?wc-api=Dlay_Handler&key=wc_order_LtfP1Fv4b7Dby'], 'sandbox': ['yes'], 'rental': ['yes'], 'disableperiod': ['yes'], 'merchantlogo': ['yes'], 'api': ['https://app-uat.dlay.co.za'], 'products': ['[{"product_name":"Samsung Galaxy A23 LTE","product_image":false,"product_code":"A23SMARTBUNDLE06","monthly_fee":"1150","period":"6"},{"product_name":"Samsung Galaxy A33 5G","product_image":false,"product_code":"A33SMARTBUNDLE06","monthly_fee":"1800","period":"6"}]'], 'product_codes': ['[{"product_code":"A23SMARTBUNDLE06"},{"product_code":"A33SMARTBUNDLE06"}]'], 'monthly_fee': ['2950'], 'id_no': ['1111111111111'], 'policy-checkbox': ['on']}>
trying auth...
auth successful!
qualify-validate
{'first_name': 'jared', 'last_name': 'local', 'mobile': '0848007702', 'merchant_code': 'RENTMERCH', 'merchant_name': 'RENTMERCH', 'transaction_id': 'dlay-pay order #42', 'id_no': '1111111111111'}
{'request_status': 'OK', 'vetting_status': 'APPROVED', 'predicted_payday': '28', 'amount_limit': '10000', 'request_description': 'Qualify Validate request successfull', 'ammacom_id': '1c00326d-831f-46fa-85e3-794fe09f02a2'}
load index
is post
Test ID validated
<QueryDict: {'first_name': ['jared'], 'last_name': ['local'], 'mobile': ['0848007702'], 'email': ['jared@robotweb.co.za'], 'merchant_code': ['RENTMERCH'], 'merchant_name': ['RENTMERCH'], 'amount': ['11878.00'], 'period': ['6'], 'transaction_id': ['dlay-pay order #42'], 'return_url': ['http://localhost:8000/?page_id=9&order-received=42&key=wc_order_LtfP1Fv4b7Dby'], 'cancel_url': ['http://localhost:8000/?page_id=8&cancel_order=true&order=wc_order_LtfP1Fv4b7Dby&order_id=42&redirect&_wpnonce=ca24481818'], 'notify_url': ['http://localhost:8000/?wc-api=Dlay_Handler&key=wc_order_LtfP1Fv4b7Dby'], 'sandbox': ['yes'], 'rental': ['yes'], 'disableperiod': ['yes'], 'merchantlogo': ['yes'], 'api': ['https://app-uat.dlay.co.za'], 'products': ['[{"product_name":"Samsung Galaxy A23 LTE","product_image":false,"product_code":"A23SMARTBUNDLE06","monthly_fee":"1150","period":"6"},{"product_name":"Samsung Galaxy A33 5G","product_image":false,"product_code":"A33SMARTBUNDLE06","monthly_fee":"1800","period":"6"}]'], 'product_codes': ['[{"product_code":"A23SMARTBUNDLE06"},{"product_code":"A33SMARTBUNDLE06"}]'], 'monthly_fee': ['2950'], 'id_no': ['1111111111111'], 'policy-checkbox': ['on']}>
trying auth...
auth successful!
qualify-validate
{'first_name': 'jared', 'last_name': 'local', 'mobile': '0848007702', 'merchant_code': 'RENTMERCH', 'merchant_name': 'RENTMERCH', 'transaction_id': 'dlay-pay order #42', 'id_no': '1111111111111'}
{'request_status': 'OK', 'vetting_status': 'APPROVED', 'predicted_payday': '28', 'amount_limit': '10000', 'request_description': 'Qualify Validate request successfull', 'ammacom_id': '88f2bd65-1047-4e64-88ee-7d751d437ff7'}
load index
is post
Test ID validated
<QueryDict: {'first_name': ['jared'], 'last_name': ['local'], 'mobile': ['0848007702'], 'email': ['jared@robotweb.co.za'], 'merchant_code': ['RENTMERCH'], 'merchant_name': ['RENTMERCH'], 'amount': ['11878.00'], 'period': ['6'], 'transaction_id': ['dlay-pay order #42'], 'return_url': ['http://localhost:8000/?page_id=9&order-received=42&key=wc_order_LtfP1Fv4b7Dby'], 'cancel_url': ['http://localhost:8000/?page_id=8&cancel_order=true&order=wc_order_LtfP1Fv4b7Dby&order_id=42&redirect&_wpnonce=ca24481818'], 'notify_url': ['http://localhost:8000/?wc-api=Dlay_Handler&key=wc_order_LtfP1Fv4b7Dby'], 'sandbox': ['yes'], 'rental': ['yes'], 'disableperiod': ['yes'], 'merchantlogo': ['yes'], 'api': ['https://app-uat.dlay.co.za'], 'products': ['[{"product_name":"Samsung Galaxy A23 LTE","product_image":false,"product_code":"A23SMARTBUNDLE06","monthly_fee":"1150","period":"6"},{"product_name":"Samsung Galaxy A33 5G","product_image":false,"product_code":"A33SMARTBUNDLE06","monthly_fee":"1800","period":"6"}]'], 'product_codes': ['[{"product_code":"A23SMARTBUNDLE06"},{"product_code":"A33SMARTBUNDLE06"}]'], 'monthly_fee': ['2950'], 'id_no': ['1111111111111'], 'policy-checkbox': ['on']}>
trying auth...
auth successful!
qualify-validate
{'first_name': 'jared', 'last_name': 'local', 'mobile': '0848007702', 'merchant_code': 'RENTMERCH', 'merchant_name': 'RENTMERCH', 'transaction_id': 'dlay-pay order #42', 'id_no': '1111111111111'}
{'request_status': 'OK', 'vetting_status': 'APPROVED', 'predicted_payday': '28', 'amount_limit': '10000', 'request_description': 'Qualify Validate request successfull', 'ammacom_id': '085ac061-d6c6-435b-8ca4-92d597d05f48'}
load index
is post
Test ID validated
<QueryDict: {'first_name': ['jared'], 'last_name': ['local'], 'mobile': ['0848007702'], 'email': ['jared@robotweb.co.za'], 'merchant_code': ['RENTMERCH'], 'merchant_name': ['RENTMERCH'], 'amount': ['11878.00'], 'period': ['6'], 'transaction_id': ['dlay-pay order #42'], 'return_url': ['http://localhost:8000/?page_id=9&order-received=42&key=wc_order_LtfP1Fv4b7Dby'], 'cancel_url': ['http://localhost:8000/?page_id=8&cancel_order=true&order=wc_order_LtfP1Fv4b7Dby&order_id=42&redirect&_wpnonce=ca24481818'], 'notify_url': ['http://localhost:8000/?wc-api=Dlay_Handler&key=wc_order_LtfP1Fv4b7Dby'], 'sandbox': ['yes'], 'rental': ['yes'], 'disableperiod': ['yes'], 'merchantlogo': ['yes'], 'api': ['https://app-uat.dlay.co.za'], 'products': ['[{"product_name":"Samsung Galaxy A23 LTE","product_image":false,"product_code":"A23SMARTBUNDLE06","monthly_fee":"1150","period":"6"},{"product_name":"Samsung Galaxy A33 5G","product_image":false,"product_code":"A33SMARTBUNDLE06","monthly_fee":"1800","period":"6"}]'], 'product_codes': ['[{"product_code":"A23SMARTBUNDLE06"},{"product_code":"A33SMARTBUNDLE06"}]'], 'monthly_fee': ['2950'], 'id_no': ['1111111111111'], 'policy-checkbox': ['on']}>
trying auth...
auth successful!
qualify-validate
{'first_name': 'jared', 'last_name': 'local', 'mobile': '0848007702', 'merchant_code': 'RENTMERCH', 'merchant_name': 'RENTMERCH', 'transaction_id': 'dlay-pay order #42', 'id_no': '1111111111111'}
{'request_status': 'OK', 'vetting_status': 'APPROVED', 'predicted_payday': '28', 'amount_limit': '10000', 'request_description': 'Qualify Validate request successfull', 'ammacom_id': 'e7b7546e-f241-41d3-a59b-9b0a6c6f0dac'}
load index
is post
Test ID validated
<QueryDict: {'first_name': ['jared'], 'last_name': ['local'], 'mobile': ['0848007702'], 'email': ['jared@robotweb.co.za'], 'merchant_code': ['RENTMERCH'], 'merchant_name': ['RENTMERCH'], 'amount': ['11878.00'], 'period': ['6'], 'transaction_id': ['dlay-pay order #42'], 'return_url': ['http://localhost:8000/?page_id=9&order-received=42&key=wc_order_LtfP1Fv4b7Dby'], 'cancel_url': ['http://localhost:8000/?page_id=8&cancel_order=true&order=wc_order_LtfP1Fv4b7Dby&order_id=42&redirect&_wpnonce=ca24481818'], 'notify_url': ['http://localhost:8000/?wc-api=Dlay_Handler&key=wc_order_LtfP1Fv4b7Dby'], 'sandbox': ['yes'], 'rental': ['yes'], 'disableperiod': ['yes'], 'merchantlogo': ['yes'], 'api': ['https://app-uat.dlay.co.za'], 'products': ['[{"product_name":"Samsung Galaxy A23 LTE","product_image":false,"product_code":"A23SMARTBUNDLE06","monthly_fee":"1150","period":"6"},{"product_name":"Samsung Galaxy A33 5G","product_image":false,"product_code":"A33SMARTBUNDLE06","monthly_fee":"1800","period":"6"}]'], 'product_codes': ['[{"product_code":"A23SMARTBUNDLE06"},{"product_code":"A33SMARTBUNDLE06"}]'], 'monthly_fee': ['2950'], 'id_no': ['1111111111111'], 'policy-checkbox': ['on']}>
trying auth...
auth successful!
qualify-validate
{'first_name': 'jared', 'last_name': 'local', 'mobile': '0848007702', 'merchant_code': 'RENTMERCH', 'merchant_name': 'RENTMERCH', 'transaction_id': 'dlay-pay order #42', 'id_no': '1111111111111'}
{'request_status': 'OK', 'vetting_status': 'APPROVED', 'predicted_payday': '28', 'amount_limit': '10000', 'request_description': 'Qualify Validate request successfull', 'ammacom_id': '8c594783-d9d9-4ec9-9440-1e14004a15e5'}
load index
is post
Test ID validated
<QueryDict: {'first_name': ['jared'], 'last_name': ['local'], 'mobile': ['0848007702'], 'email': ['jared@robotweb.co.za'], 'merchant_code': ['RENTMERCH'], 'merchant_name': ['RENTMERCH'], 'amount': ['11878.00'], 'period': ['6'], 'transaction_id': ['dlay-pay order #42'], 'return_url': ['http://localhost:8000/?page_id=9&order-received=42&key=wc_order_LtfP1Fv4b7Dby'], 'cancel_url': ['http://localhost:8000/?page_id=8&cancel_order=true&order=wc_order_LtfP1Fv4b7Dby&order_id=42&redirect&_wpnonce=ca24481818'], 'notify_url': ['http://localhost:8000/?wc-api=Dlay_Handler&key=wc_order_LtfP1Fv4b7Dby'], 'sandbox': ['yes'], 'rental': ['yes'], 'disableperiod': ['yes'], 'merchantlogo': ['yes'], 'api': ['https://app-uat.dlay.co.za'], 'products': ['[{"product_name":"Samsung Galaxy A23 LTE","product_image":false,"product_code":"A23SMARTBUNDLE06","monthly_fee":"1150","period":"6"},{"product_name":"Samsung Galaxy A33 5G","product_image":false,"product_code":"A33SMARTBUNDLE06","monthly_fee":"1800","period":"6"}]'], 'product_codes': ['[{"product_code":"A23SMARTBUNDLE06"},{"product_code":"A33SMARTBUNDLE06"}]'], 'monthly_fee': ['2950'], 'id_no': ['1111111111111'], 'policy-checkbox': ['on']}>
trying auth...
auth successful!
qualify-validate
{'first_name': 'jared', 'last_name': 'local', 'mobile': '0848007702', 'merchant_code': 'RENTMERCH', 'merchant_name': 'RENTMERCH', 'transaction_id': 'dlay-pay order #42', 'id_no': '1111111111111'}
{'request_status': 'OK', 'vetting_status': 'APPROVED', 'predicted_payday': '28', 'amount_limit': '10000', 'request_description': 'Qualify Validate request successfull', 'ammacom_id': 'bcf978e7-5c45-4d36-9ede-4dd799dd3aa7'}
load index
is post
1003.9a137c567645f853c9e3361d7d1b3dbe.dd31baa7136721cc1bffcdc71361ec75
RENTMERCH
https://www.zohoapis.com/crm/v2/functions/getMerchant/actions/execute?auth_type=apikey&zapikey=1003.9a137c567645f853c9e3361d7d1b3dbe.dd31baa7136721cc1bffcdc71361ec75
{'merchant_code': 'RENTMERCH'}
{'code': 'success', 'details': {'output': '{"merchantName":"Test Rental Merchant","merchantType":null,"merchantLogo":"https://dlay.co.za/wp-content/uploads/2021/11/Smartphone_zone_logo.png"}', 'output_type': 'string', 'id': '610836000002222001'}, 'message': 'function executed successfully'}
{"merchantName":"Test Rental Merchant","merchantType":null,"merchantLogo":"https://dlay.co.za/wp-content/uploads/2021/11/Smartphone_zone_logo.png"}
{'merchantName': 'Test Rental Merchant', 'merchantType': None, 'merchantLogo': 'https://dlay.co.za/wp-content/uploads/2021/11/Smartphone_zone_logo.png'}
{'form': <id_form bound=True, valid=False, fields=(id_no)>, 'data': <QueryDict: {'first_name': ['jared'], 'last_name': ['local'], 'mobile': ['0848007702'], 'email': ['jared@robotweb.co.za'], 'merchant_code': ['RENTMERCH'], 'merchant_name': ['RENTMERCH'], 'amount': ['11878.00'], 'period': ['6'], 'transaction_id': ['dlay-pay order #43'], 'return_url': ['http://localhost:8000/?page_id=9&order-received=43&key=wc_order_hoh5W8xrqbKn7'], 'cancel_url': ['http://localhost:8000/?page_id=8&cancel_order=true&order=wc_order_hoh5W8xrqbKn7&order_id=43&redirect&_wpnonce=ca24481818'], 'notify_url': ['http://localhost:8000/?wc-api=Dlay_Handler&key=wc_order_hoh5W8xrqbKn7'], 'sandbox': ['yes'], 'rental': ['yes'], 'disableperiod': ['yes'], 'merchantlogo': ['yes'], 'api': ['https://app-uat.dlay.co.za'], 'products': ['[{"product_name":"Samsung Galaxy A23 LTE","product_image":false,"product_code":"A23SMARTBUNDLE06","monthly_fee":"1150","period":"6"},{"product_name":"Samsung Galaxy A33 5G","product_image":false,"product_code":"A33SMARTBUNDLE06","monthly_fee":"1800","period":"6"}]'], 'product_codes': ['[{"product_code":"A23SMARTBUNDLE06"},{"product_code":"A33SMARTBUNDLE06"}]'], 'monthly_fee': ['2950']}>, 'merchant_logo': 'https://dlay.co.za/wp-content/uploads/2021/11/Smartphone_zone_logo.png'}
load index
is post
Test ID validated
